SUCCESS:
Date and Time: 2024-01-20 12:50:01
Message: CONNECT COMPLETED SUCCESSFULLY
SUCCESS:
Date and Time: 2024-01-20 12:50:01
Message: DATABASE CREATED SUCCESSFULLY
SUCCESS:
Date and Time: 2024-01-20 12:50:08
Message: CONNECT COMPLETED SUCCESSFULLY
SUCCESS:
Date and Time: 2024-01-20 12:50:08
Message: DATABASE TABLES AND CONSTRAINTS CREATED SUCCESSFULLY
SUCCESS:
Date and Time: 2024-01-20 12:50:21
Message: CONNECT COMPLETED SUCCESSFULLY
SUCCESS:
Date and Time: 2024-01-20 12:50:21
Message: INDEXES CREATED SUCCESSFULLY
SUCCESS:
Date and Time: 2024-01-20 12:50:24
Message: CONNECT COMPLETED SUCCESSFULLY
SUCCESS:
Date and Time: 2024-01-20 12:50:25
Message: TRIGGERS CREATED SUCCESSFULLY
SUCCESS:
Date and Time: 2024-01-20 13:02:52
Message: CONNECT COMPLETED SUCCESSFULLY
SUCCESS:
Date and Time: 2024-01-20 15:20:53
Message: CONNECT COMPLETED SUCCESSFULLY
SUCCESS:
Date and Time: 2024-01-20 15:20:53
Message: DATABASE CREATED SUCCESSFULLY
SUCCESS:
Date and Time: 2024-01-20 15:21:03
Message: CONNECT COMPLETED SUCCESSFULLY
SUCCESS:
Date and Time: 2024-01-20 15:21:12
Message: CONNECT COMPLETED SUCCESSFULLY
SUCCESS:
Date and Time: 2024-01-20 15:21:19
Message: CONNECT COMPLETED SUCCESSFULLY
SUCCESS:
Date and Time: 2024-01-20 15:21:38
Message: CONNECT COMPLETED SUCCESSFULLY
SUCCESS:
Date and Time: 2024-01-20 15:22:04
Message: CONNECT COMPLETED SUCCESSFULLY
SUCCESS:
Date and Time: 2024-01-20 15:28:05
Message: CONNECT COMPLETED SUCCESSFULLY
SUCCESS:
Date and Time: 2024-01-20 15:28:05
Message: DATABASE CREATED SUCCESSFULLY
SUCCESS:
Date and Time: 2024-01-20 15:28:15
Message: CONNECT COMPLETED SUCCESSFULLY
SUCCESS:
Date and Time: 2024-01-20 15:29:14
Message: CONNECT COMPLETED SUCCESSFULLY
SUCCESS:
Date and Time: 2024-01-20 15:29:42
Message: CONNECT COMPLETED SUCCESSFULLY
SUCCESS:
Date and Time: 2024-01-20 15:31:34
Message: CONNECT COMPLETED SUCCESSFULLY
SUCCESS:
Date and Time: 2024-01-20 15:31:34
Message: DATABASE TABLES AND CONSTRAINTS CREATED SUCCESSFULLY
SUCCESS:
Date and Time: 2024-01-20 15:32:14
Message: CONNECT COMPLETED SUCCESSFULLY
SUCCESS:
Date and Time: 2024-01-20 15:32:14
Message: DATABASE CREATED SUCCESSFULLY
SUCCESS:
Date and Time: 2024-01-20 15:32:18
Message: CONNECT COMPLETED SUCCESSFULLY
SUCCESS:
Date and Time: 2024-01-20 15:32:18
Message: DATABASE TABLES AND CONSTRAINTS CREATED SUCCESSFULLY
SUCCESS:
Date and Time: 2024-01-20 15:33:53
Message: CONNECT COMPLETED SUCCESSFULLY
SUCCESS:
Date and Time: 2024-01-20 15:34:07
Message: CONNECT COMPLETED SUCCESSFULLY
SUCCESS:
Date and Time: 2024-01-20 15:34:07
Message: CONNECT COMPLETED SUCCESSFULLY
SUCCESS:
Date and Time: 2024-01-20 15:34:08
Message: CONNECT COMPLETED SUCCESSFULLY
SUCCESS:
Date and Time: 2024-01-20 15:34:09
Message: CONNECT COMPLETED SUCCESSFULLY
SUCCESS:
Date and Time: 2024-01-20 15:34:15
Message: CONNECT COMPLETED SUCCESSFULLY
SUCCESS:
Date and Time: 2024-01-20 15:34:15
Message: DATABASE CREATED SUCCESSFULLY
SUCCESS:
Date and Time: 2024-01-20 15:34:19
Message: CONNECT COMPLETED SUCCESSFULLY
SUCCESS:
Date and Time: 2024-01-20 15:34:19
Message: DATABASE TABLES AND CONSTRAINTS CREATED SUCCESSFULLY
SUCCESS:
Date and Time: 2024-01-20 15:34:41
Message: CONNECT COMPLETED SUCCESSFULLY
SUCCESS:
Date and Time: 2024-01-20 15:34:41
Message: INDEXES CREATED SUCCESSFULLY
SUCCESS:
Date and Time: 2024-01-20 15:34:52
Message: CONNECT COMPLETED SUCCESSFULLY
SUCCESS:
Date and Time: 2024-01-20 15:34:52
Message: TRIGGERS CREATED SUCCESSFULLY
SUCCESS:
Date and Time: 2024-01-20 15:35:01
Message: CONNECT COMPLETED SUCCESSFULLY
SUCCESS:
Date and Time: 2024-01-20 15:35:37
Message: CONNECT COMPLETED SUCCESSFULLY
SUCCESS:
Date and Time: 2024-01-20 15:35:37
Message: DATA INSERTED SUCCESSFULLY
SUCCESS:
Date and Time: 2024-01-20 15:45:45
Message: CONNECT COMPLETED SUCCESSFULLY
SUCCESS:
Date and Time: 2024-01-20 15:45:45
Message: DATABASE CREATED SUCCESSFULLY
SUCCESS:
Date and Time: 2024-01-20 15:45:50
Message: CONNECT COMPLETED SUCCESSFULLY
SUCCESS:
Date and Time: 2024-01-20 15:45:50
Message: DATABASE TABLES AND CONSTRAINTS CREATED SUCCESSFULLY
SUCCESS:
Date and Time: 2024-01-20 15:45:56
Message: CONNECT COMPLETED SUCCESSFULLY
SUCCESS:
Date and Time: 2024-01-20 15:45:56
Message: INDEXES CREATED SUCCESSFULLY
SUCCESS:
Date and Time: 2024-01-20 15:46:02
Message: CONNECT COMPLETED SUCCESSFULLY
SUCCESS:
Date and Time: 2024-01-20 15:46:02
Message: TRIGGERS CREATED SUCCESSFULLY
SUCCESS:
Date and Time: 2024-01-20 15:46:12
Message: CONNECT COMPLETED SUCCESSFULLY
SUCCESS:
Date and Time: 2024-01-20 15:46:58
Message: CONNECT COMPLETED SUCCESSFULLY
SUCCESS:
Date and Time: 2024-01-20 15:47:54
Message: CONNECT COMPLETED SUCCESSFULLY
SUCCESS:
Date and Time: 2024-01-20 15:47:54
Message: USERS AND BOOKS INSERTED SUCCESSFULLY
SUCCESS:
Date and Time: 2024-01-20 15:51:48
Message: CONNECT COMPLETED SUCCESSFULLY
SUCCESS:
Date and Time: 2024-01-20 15:51:57
Message: CONNECT COMPLETED SUCCESSFULLY
SUCCESS:
Date and Time: 2024-01-20 15:55:18
Message: CONNECT COMPLETED SUCCESSFULLY
SUCCESS:
Date and Time: 2024-01-20 15:55:18
Message: CONNECT COMPLETED SUCCESSFULLY
SUCCESS:
Date and Time: 2024-01-20 15:55:18
Message: DATABASE CREATED SUCCESSFULLY
SUCCESS:
Date and Time: 2024-01-20 15:55:18
Message: CONNECT COMPLETED SUCCESSFULLY
SUCCESS:
Date and Time: 2024-01-20 15:55:18
Message: DATABASE TABLES AND CONSTRAINTS CREATED SUCCESSFULLY
SUCCESS:
Date and Time: 2024-01-20 15:55:18
Message: CONNECT COMPLETED SUCCESSFULLY
SUCCESS:
Date and Time: 2024-01-20 15:55:18
Message: INDEXES CREATED SUCCESSFULLY
SUCCESS:
Date and Time: 2024-01-20 15:55:18
Message: CONNECT COMPLETED SUCCESSFULLY
SUCCESS:
Date and Time: 2024-01-20 15:55:18
Message: TRIGGERS CREATED SUCCESSFULLY
SUCCESS:
Date and Time: 2024-01-20 15:55:18
Message: CONNECT COMPLETED SUCCESSFULLY
SUCCESS:
Date and Time: 2024-01-20 15:55:18
Message: USERS AND BOOKS INSERTED SUCCESSFULLY
SUCCESS:
Date and Time: 2024-01-20 15:55:18
Message: All scripts executed successfully.
SUCCESS:
Date and Time: 2024-01-20 15:55:54
Message: CONNECT COMPLETED SUCCESSFULLY
SUCCESS:
Date and Time: 2024-01-20 15:56:42
Message: CONNECT COMPLETED SUCCESSFULLY
SUCCESS:
Date and Time: 2024-01-20 15:56:47
Message: CONNECT COMPLETED SUCCESSFULLY
SUCCESS:
Date and Time: 2024-01-20 15:56:47
Message: DATABASE CREATED SUCCESSFULLY
SUCCESS:
Date and Time: 2024-01-20 15:58:01
Message: CONNECT COMPLETED SUCCESSFULLY
SUCCESS:
Date and Time: 2024-01-20 15:58:01
Message: DATABASE CREATED SUCCESSFULLY
SUCCESS:
Date and Time: 2024-01-20 15:58:07
Message: CONNECT COMPLETED SUCCESSFULLY
SUCCESS:
Date and Time: 2024-01-20 15:58:07
Message: DATABASE CREATED SUCCESSFULLY
SUCCESS:
Date and Time: 2024-01-20 15:58:20
Message: CONNECT COMPLETED SUCCESSFULLY
SUCCESS:
Date and Time: 2024-01-20 16:04:02
Message: CONNECT COMPLETED SUCCESSFULLY
SUCCESS:
Date and Time: 2024-01-20 16:04:02
Message: DATABASE CREATED SUCCESSFULLY
SUCCESS:
Date and Time: 2024-01-20 16:04:02
Message: DONE TILL HERE STEP CREATION OF DATABASE

SUCCESS:
Date and Time: 2024-01-20 16:05:13
Message: CONNECT COMPLETED SUCCESSFULLY
SUCCESS:
Date and Time: 2024-01-20 16:05:13
Message: DATABASE CREATED SUCCESSFULLY
SUCCESS:
Date and Time: 2024-01-20 16:05:13
Message: DATABASE TABLES AND CONSTRAINTS CREATED SUCCESSFULLY
SUCCESS:
Date and Time: 2024-01-20 16:05:13
Message: CONNECT COMPLETED SUCCESSFULLY
SUCCESS:
Date and Time: 2024-01-20 16:05:13
Message: USERS AND BOOKS INSERTED SUCCESSFULLY
SUCCESS:
Date and Time: 2024-01-20 16:05:13
Message: All scripts executed successfully.
SUCCESS:
Date and Time: 2024-01-20 16:06:16
Message: CONNECT COMPLETED SUCCESSFULLY
SUCCESS:
Date and Time: 2024-01-20 16:06:16
Message: DATABASE CREATED SUCCESSFULLY
SUCCESS:
Date and Time: 2024-01-20 16:06:16
Message: DATABASE TABLES AND CONSTRAINTS CREATED SUCCESSFULLY
SUCCESS:
Date and Time: 2024-01-20 16:06:16
Message: CONNECT COMPLETED SUCCESSFULLY
SUCCESS:
Date and Time: 2024-01-20 16:06:16
Message: USERS AND BOOKS INSERTED SUCCESSFULLY
SUCCESS:
Date and Time: 2024-01-20 16:06:16
Message: All scripts executed successfully.
SUCCESS:
Date and Time: 2024-01-20 16:08:51
Message: CONNECT COMPLETED SUCCESSFULLY
SUCCESS:
Date and Time: 2024-01-20 16:08:51
Message: DATABASE CREATED SUCCESSFULLY
SUCCESS:
Date and Time: 2024-01-20 16:08:51
Message: INDEXES CREATED SUCCESSFULLY
SUCCESS:
Date and Time: 2024-01-20 16:08:51
Message: TRIGGERS CREATED SUCCESSFULLY
SUCCESS:
Date and Time: 2024-01-20 16:08:51
Message: CONNECT COMPLETED SUCCESSFULLY
SUCCESS:
Date and Time: 2024-01-20 16:08:51
Message: All scripts executed successfully.
SUCCESS:
Date and Time: 2024-01-20 16:09:03
Message: CONNECT COMPLETED SUCCESSFULLY
SUCCESS:
Date and Time: 2024-01-20 16:09:03
Message: DATABASE CREATED SUCCESSFULLY
SUCCESS:
Date and Time: 2024-01-20 16:09:03
Message: DATABASE TABLES AND CONSTRAINTS CREATED SUCCESSFULLY
SUCCESS:
Date and Time: 2024-01-20 16:09:03
Message: CONNECT COMPLETED SUCCESSFULLY
SUCCESS:
Date and Time: 2024-01-20 16:09:03
Message: USERS AND BOOKS INSERTED SUCCESSFULLY
SUCCESS:
Date and Time: 2024-01-20 16:09:03
Message: All scripts executed successfully.
